<?xml version="1.0" encoding="UTF-8"?>
<!-- Generated by org.testng.reporters.JUnitXMLReporter -->
<testsuite hostname="DESKTOP-7MAOGO2" ignored="27" name="Test" tests="3" failures="0" timestamp="12 Jan 2021 08:49:36 GMT" time="27.153" errors="0">
  <testcase name="validEmailValidPassword" time="5.401" classname="com.Salesboost_Adminpanel.testscript.loginPage"/>
  <testcase name="validEmailGeneratePassword" time="1.675" classname="com.Salesboost_Adminpanel.testscript.managePasswordScript"/>
  <testcase name="validaddaccount" time="6.682" classname="com.Salesboost_Adminpanel.testscript.accountHoldersPage"/>
  <testcase name="@AfterSuite endSuite" time="0.0" classname="com.Salesboost_Adminpanel.baseclass.BaseClass">
    <ignored/>
  </testcase> <!-- @AfterSuite endSuite -->
  <testcase name="@AfterSuite endSuite" time="0.0" classname="com.Salesboost_Adminpanel.baseclass.BaseClass">
    <ignored/>
  </testcase> <!-- @AfterSuite endSuite -->
  <testcase name="@AfterSuite endSuite" time="0.0" classname="com.Salesboost_Adminpanel.baseclass.BaseClass">
    <ignored/>
  </testcase> <!-- @AfterSuite endSuite -->
  <testcase name="@AfterSuite endSuite" time="0.0" classname="com.Salesboost_Adminpanel.baseclass.BaseClass">
    <ignored/>
  </testcase> <!-- @AfterSuite endSuite -->
  <testcase name="@AfterSuite endSuite" time="0.0" classname="com.Salesboost_Adminpanel.baseclass.BaseClass">
    <ignored/>
  </testcase> <!-- @AfterSuite endSuite -->
  <testcase name="@AfterSuite endSuite" time="0.0" classname="com.Salesboost_Adminpanel.baseclass.BaseClass">
    <ignored/>
  </testcase> <!-- @AfterSuite endSuite -->
  <testcase name="@AfterSuite endSuite" time="0.0" classname="com.Salesboost_Adminpanel.baseclass.BaseClass">
    <ignored/>
  </testcase> <!-- @AfterSuite endSuite -->
  <testcase name="@AfterSuite endSuite" time="0.0" classname="com.Salesboost_Adminpanel.baseclass.BaseClass">
    <ignored/>
  </testcase> <!-- @AfterSuite endSuite -->
  <testcase name="@AfterSuite endSuite" time="0.0" classname="com.Salesboost_Adminpanel.baseclass.BaseClass">
    <ignored/>
  </testcase> <!-- @AfterSuite endSuite -->
  <testcase name="@AfterSuite endSuite" time="0.0" classname="com.Salesboost_Adminpanel.baseclass.BaseClass">
    <ignored/>
  </testcase> <!-- @AfterSuite endSuite -->
  <testcase name="@AfterSuite endSuite" time="0.0" classname="com.Salesboost_Adminpanel.baseclass.BaseClass">
    <ignored/>
  </testcase> <!-- @AfterSuite endSuite -->
  <testcase name="validtrackdelete" time="0.0" classname="com.Salesboost_Adminpanel.testscript.PrivateTracksPage">
    <ignored/>
  </testcase> <!-- validtrackdelete -->
  <testcase name="validUserUpdate" time="0.0" classname="com.Salesboost_Adminpanel.testscript.administratorsPage">
    <ignored/>
  </testcase> <!-- validUserUpdate -->
  <testcase name="validcanceladdroles" time="0.0" classname="com.Salesboost_Adminpanel.testscript.RoleManagementPage">
    <ignored/>
  </testcase> <!-- validcanceladdroles -->
  <testcase name="@BeforeSuite precondition" time="0.0" classname="com.Salesboost_Adminpanel.baseclass.BaseClass">
    <ignored/>
  </testcase> <!-- @BeforeSuite precondition -->
  <testcase name="@BeforeSuite precondition" time="0.0" classname="com.Salesboost_Adminpanel.baseclass.BaseClass">
    <ignored/>
  </testcase> <!-- @BeforeSuite precondition -->
  <testcase name="@BeforeSuite precondition" time="0.0" classname="com.Salesboost_Adminpanel.baseclass.BaseClass">
    <ignored/>
  </testcase> <!-- @BeforeSuite precondition -->
  <testcase name="@BeforeSuite precondition" time="0.0" classname="com.Salesboost_Adminpanel.baseclass.BaseClass">
    <ignored/>
  </testcase> <!-- @BeforeSuite precondition -->
  <testcase name="@BeforeSuite precondition" time="0.0" classname="com.Salesboost_Adminpanel.baseclass.BaseClass">
    <ignored/>
  </testcase> <!-- @BeforeSuite precondition -->
  <testcase name="@BeforeSuite precondition" time="0.0" classname="com.Salesboost_Adminpanel.baseclass.BaseClass">
    <ignored/>
  </testcase> <!-- @BeforeSuite precondition -->
  <testcase name="@BeforeSuite precondition" time="0.0" classname="com.Salesboost_Adminpanel.baseclass.BaseClass">
    <ignored/>
  </testcase> <!-- @BeforeSuite precondition -->
  <testcase name="@BeforeSuite precondition" time="0.0" classname="com.Salesboost_Adminpanel.baseclass.BaseClass">
    <ignored/>
  </testcase> <!-- @BeforeSuite precondition -->
  <testcase name="@BeforeSuite precondition" time="0.0" classname="com.Salesboost_Adminpanel.baseclass.BaseClass">
    <ignored/>
  </testcase> <!-- @BeforeSuite precondition -->
  <testcase name="@BeforeSuite precondition" time="0.0" classname="com.Salesboost_Adminpanel.baseclass.BaseClass">
    <ignored/>
  </testcase> <!-- @BeforeSuite precondition -->
  <testcase name="@BeforeSuite precondition" time="0.0" classname="com.Salesboost_Adminpanel.baseclass.BaseClass">
    <ignored/>
  </testcase> <!-- @BeforeSuite precondition -->
  <testcase name="validsearch" time="0.0" classname="com.Salesboost_Adminpanel.testscript.administratorsPage">
    <ignored/>
  </testcase> <!-- validsearch -->
  <testcase name="validCancelAddDuplicateTools" time="0.0" classname="com.Salesboost_Adminpanel.testscript.LeadershipObjectPage">
    <ignored/>
  </testcase> <!-- validCancelAddDuplicateTools -->
</testsuite> <!-- Test -->
