<?xml version="1.0" encoding="UTF-8"?>
<!-- Generated by org.testng.reporters.JUnitXMLReporter -->
<testsuite hostname="DESKTOP-7MAOGO2" ignored="22" name="Test" tests="15" failures="0" timestamp="12 Jan 2021 09:52:10 GMT" time="471.892" errors="0">
  <testcase name="validEmailValidPassword" time="5.015" classname="com.Salesboost_Adminpanel.testscript.loginPage"/>
  <testcase name="validEmailGeneratePassword" time="1.661" classname="com.Salesboost_Adminpanel.testscript.managePasswordScript"/>
  <testcase name="validaddaccount" time="6.707" classname="com.Salesboost_Adminpanel.testscript.accountHoldersPage"/>
  <testcase name="validadduser" time="62.646" classname="com.Salesboost_Adminpanel.testscript.administratorsPage"/>
  <testcase name="validaddtracks" time="12.1" classname="com.Salesboost_Adminpanel.testscript.TracksPage"/>
  <testcase name="validaddtracks" time="12.047" classname="com.Salesboost_Adminpanel.testscript.PrivateTracksPage"/>
  <testcase name="validaddroles" time="12.036" classname="com.Salesboost_Adminpanel.testscript.RoleManagementPage"/>
  <testcase name="validActivePostAddSystemAnnouncements" time="12.051" classname="com.Salesboost_Adminpanel.testscript.SystemAnnouncementsPage"/>
  <testcase name="validActivePostAddLeadershipTips" time="12.069" classname="com.Salesboost_Adminpanel.testscript.LeadershipTipsPage"/>
  <testcase name="validActivePostAddSalesTips" time="12.06" classname="com.Salesboost_Adminpanel.testscript.QuickSalesPage"/>
  <testcase name="validAddTools" time="12.048" classname="com.Salesboost_Adminpanel.testscript.LeadershipObjectPage"/>
  <testcase name="validAddTools" time="12.046" classname="com.Salesboost_Adminpanel.testscript.PrivateLeadershipObjectPage"/>
  <testcase name="validsearch" time="12.037" classname="com.Salesboost_Adminpanel.testscript.accountHoldersPage"/>
  <testcase name="validsearch" time="12.033" classname="com.Salesboost_Adminpanel.testscript.administratorsPage"/>
  <testcase name="validtracksselection" time="12.044" classname="com.Salesboost_Adminpanel.testscript.TracksPage"/>
  <testcase name="@AfterSuite endSuite" time="0.0" classname="com.Salesboost_Adminpanel.baseclass.BaseClass">
    <ignored/>
  </testcase> <!-- @AfterSuite endSuite -->
  <testcase name="@AfterSuite endSuite" time="0.0" classname="com.Salesboost_Adminpanel.baseclass.BaseClass">
    <ignored/>
  </testcase> <!-- @AfterSuite endSuite -->
  <testcase name="@AfterSuite endSuite" time="0.0" classname="com.Salesboost_Adminpanel.baseclass.BaseClass">
    <ignored/>
  </testcase> <!-- @AfterSuite endSuite -->
  <testcase name="@AfterSuite endSuite" time="0.0" classname="com.Salesboost_Adminpanel.baseclass.BaseClass">
    <ignored/>
  </testcase> <!-- @AfterSuite endSuite -->
  <testcase name="@AfterSuite endSuite" time="0.0" classname="com.Salesboost_Adminpanel.baseclass.BaseClass">
    <ignored/>
  </testcase> <!-- @AfterSuite endSuite -->
  <testcase name="@AfterSuite endSuite" time="0.0" classname="com.Salesboost_Adminpanel.baseclass.BaseClass">
    <ignored/>
  </testcase> <!-- @AfterSuite endSuite -->
  <testcase name="@AfterSuite endSuite" time="0.0" classname="com.Salesboost_Adminpanel.baseclass.BaseClass">
    <ignored/>
  </testcase> <!-- @AfterSuite endSuite -->
  <testcase name="@AfterSuite endSuite" time="0.0" classname="com.Salesboost_Adminpanel.baseclass.BaseClass">
    <ignored/>
  </testcase> <!-- @AfterSuite endSuite -->
  <testcase name="@AfterSuite endSuite" time="0.0" classname="com.Salesboost_Adminpanel.baseclass.BaseClass">
    <ignored/>
  </testcase> <!-- @AfterSuite endSuite -->
  <testcase name="@AfterSuite endSuite" time="0.0" classname="com.Salesboost_Adminpanel.baseclass.BaseClass">
    <ignored/>
  </testcase> <!-- @AfterSuite endSuite -->
  <testcase name="@AfterSuite endSuite" time="0.0" classname="com.Salesboost_Adminpanel.baseclass.BaseClass">
    <ignored/>
  </testcase> <!-- @AfterSuite endSuite -->
  <testcase name="@BeforeSuite precondition" time="0.0" classname="com.Salesboost_Adminpanel.baseclass.BaseClass">
    <ignored/>
  </testcase> <!-- @BeforeSuite precondition -->
  <testcase name="@BeforeSuite precondition" time="0.0" classname="com.Salesboost_Adminpanel.baseclass.BaseClass">
    <ignored/>
  </testcase> <!-- @BeforeSuite precondition -->
  <testcase name="@BeforeSuite precondition" time="0.0" classname="com.Salesboost_Adminpanel.baseclass.BaseClass">
    <ignored/>
  </testcase> <!-- @BeforeSuite precondition -->
  <testcase name="@BeforeSuite precondition" time="0.0" classname="com.Salesboost_Adminpanel.baseclass.BaseClass">
    <ignored/>
  </testcase> <!-- @BeforeSuite precondition -->
  <testcase name="@BeforeSuite precondition" time="0.0" classname="com.Salesboost_Adminpanel.baseclass.BaseClass">
    <ignored/>
  </testcase> <!-- @BeforeSuite precondition -->
  <testcase name="@BeforeSuite precondition" time="0.0" classname="com.Salesboost_Adminpanel.baseclass.BaseClass">
    <ignored/>
  </testcase> <!-- @BeforeSuite precondition -->
  <testcase name="@BeforeSuite precondition" time="0.0" classname="com.Salesboost_Adminpanel.baseclass.BaseClass">
    <ignored/>
  </testcase> <!-- @BeforeSuite precondition -->
  <testcase name="@BeforeSuite precondition" time="0.0" classname="com.Salesboost_Adminpanel.baseclass.BaseClass">
    <ignored/>
  </testcase> <!-- @BeforeSuite precondition -->
  <testcase name="@BeforeSuite precondition" time="0.0" classname="com.Salesboost_Adminpanel.baseclass.BaseClass">
    <ignored/>
  </testcase> <!-- @BeforeSuite precondition -->
  <testcase name="@BeforeSuite precondition" time="0.0" classname="com.Salesboost_Adminpanel.baseclass.BaseClass">
    <ignored/>
  </testcase> <!-- @BeforeSuite precondition -->
  <testcase name="@BeforeSuite precondition" time="0.0" classname="com.Salesboost_Adminpanel.baseclass.BaseClass">
    <ignored/>
  </testcase> <!-- @BeforeSuite precondition -->
</testsuite> <!-- Test -->
