<?xml version="1.0" encoding="UTF-8"?>
<!-- Generated by org.testng.reporters.JUnitXMLReporter -->
<testsuite hostname="AYANDAS" ignored="36" name="Test" tests="56" failures="4" timestamp="2021-03-05T11:34:19 IST" time="1175.664" errors="0">
  <testcase name="validEmailValidPassword" time="5.934" classname="com.Salesboost_Adminpanel.testscript.loginPage"/>
  <testcase name="validEmailGeneratePassword" time="1.732" classname="com.Salesboost_Adminpanel.testscript.managePasswordScript"/>
  <testcase name="validaddaccount" time="6.748" classname="com.Salesboost_Adminpanel.testscript.accountHoldersPage"/>
  <testcase name="validsearch" time="3.448" classname="com.Salesboost_Adminpanel.testscript.accountHoldersPage"/>
  <testcase name="validAccountUpdate" time="8.296" classname="com.Salesboost_Adminpanel.testscript.accountHoldersPage"/>
  <testcase name="validadduser" time="4.132" classname="com.Salesboost_Adminpanel.testscript.administratorsPage"/>
  <testcase name="validsearch" time="1.986" classname="com.Salesboost_Adminpanel.testscript.administratorsPage"/>
  <testcase name="validUserUpdate" time="11.597" classname="com.Salesboost_Adminpanel.testscript.administratorsPage"/>
  <testcase name="validaddtracks" time="8.451" classname="com.Salesboost_Adminpanel.testscript.TracksPage"/>
  <testcase name="validtracksselection" time="1.88" classname="com.Salesboost_Adminpanel.testscript.TracksPage"/>
  <testcase name="validEditTrack" time="17.823" classname="com.Salesboost_Adminpanel.testscript.TracksPage"/>
  <testcase name="validtrackdelete" time="1.808" classname="com.Salesboost_Adminpanel.testscript.TracksPage">
    <failure type="java.lang.AssertionError" message="expected [true] but found [false]">
      <![CDATA[java.lang.AssertionError: expected [true] but found [false]
at com.Salesboost_Adminpanel.testscript.TracksPage.validtrackdelete(TracksPage.java:149)
at java.util.ArrayList.forEach(Unknown Source)
... Removed 31 stack frames]]>
    </failure>
  </testcase> <!-- validtrackdelete -->
  <testcase name="validaddtracks" time="5.325" classname="com.Salesboost_Adminpanel.testscript.PrivateTracksPage"/>
  <testcase name="validtracksselection" time="1.764" classname="com.Salesboost_Adminpanel.testscript.PrivateTracksPage"/>
  <testcase name="validtrackdelete" time="7.115" classname="com.Salesboost_Adminpanel.testscript.PrivateTracksPage">
    <failure type="java.lang.AssertionError" message="expected [Track Name] but found [null]">
      <![CDATA[java.lang.AssertionError: expected [Track Name] but found [null]
at com.Salesboost_Adminpanel.testscript.PrivateTracksPage.validtrackdelete(PrivateTracksPage.java:148)
at java.util.ArrayList.forEach(Unknown Source)
... Removed 33 stack frames]]>
    </failure>
  </testcase> <!-- validtrackdelete -->
  <testcase name="validEditTrack" time="1.029" classname="com.Salesboost_Adminpanel.testscript.PrivateTracksPage">
    <failure type="java.lang.AssertionError" message="expected [true] but found [false]">
      <![CDATA[java.lang.AssertionError: expected [true] but found [false]
at com.Salesboost_Adminpanel.testscript.PrivateTracksPage.validEditTrack(PrivateTracksPage.java:202)
at java.util.ArrayList.forEach(Unknown Source)
... Removed 31 stack frames]]>
    </failure>
  </testcase> <!-- validEditTrack -->
  <testcase name="validaddroles" time="4.348" classname="com.Salesboost_Adminpanel.testscript.RoleManagementPage"/>
  <testcase name="validrolesselection" time="1.91" classname="com.Salesboost_Adminpanel.testscript.RoleManagementPage"/>
  <testcase name="validroledeletion" time="1.986" classname="com.Salesboost_Adminpanel.testscript.RoleManagementPage"/>
  <testcase name="validEditRoles" time="6.381" classname="com.Salesboost_Adminpanel.testscript.RoleManagementPage"/>
  <testcase name="validActivePostAddSystemAnnouncements" time="29.157" classname="com.Salesboost_Adminpanel.testscript.SystemAnnouncementsPage"/>
  <testcase name="validSystemAnnouncementSelection" time="1.797" classname="com.Salesboost_Adminpanel.testscript.SystemAnnouncementsPage"/>
  <testcase name="validDeleteAnnouncement" time="15.629" classname="com.Salesboost_Adminpanel.testscript.SystemAnnouncementsPage"/>
  <testcase name="validInActivePostEditAnnouncement" time="73.445" classname="com.Salesboost_Adminpanel.testscript.SystemAnnouncementsPage"/>
  <testcase name="validActivePostAddLeadershipTips" time="5.668" classname="com.Salesboost_Adminpanel.testscript.LeadershipTipsPage"/>
  <testcase name="validLeadershipTipsSelection" time="1.702" classname="com.Salesboost_Adminpanel.testscript.LeadershipTipsPage"/>
  <testcase name="validDeleteLeadershipTip" time="4.631" classname="com.Salesboost_Adminpanel.testscript.LeadershipTipsPage"/>
  <testcase name="validInActivePostEditLeadershipTip" time="10.688" classname="com.Salesboost_Adminpanel.testscript.LeadershipTipsPage"/>
  <testcase name="validActivePostAddSalesTips" time="3.632" classname="com.Salesboost_Adminpanel.testscript.QuickSalesPage"/>
  <testcase name="validSalesTipsSelection" time="1.689" classname="com.Salesboost_Adminpanel.testscript.QuickSalesPage"/>
  <testcase name="validInDeleteSalesTip" time="4.243" classname="com.Salesboost_Adminpanel.testscript.QuickSalesPage"/>
  <testcase name="validEditSalesTip" time="12.27" classname="com.Salesboost_Adminpanel.testscript.QuickSalesPage">
    <failure type="java.lang.AssertionError" message="expected [true] but found [false]">
      <![CDATA[java.lang.AssertionError: expected [true] but found [false]
at com.Salesboost_Adminpanel.testscript.QuickSalesPage.validEditSalesTip(QuickSalesPage.java:250)
at java.util.ArrayList.forEach(Unknown Source)
... Removed 31 stack frames]]>
    </failure>
  </testcase> <!-- validEditSalesTip -->
  <testcase name="validActiveStatusAddTools" time="3.765" classname="com.Salesboost_Adminpanel.testscript.LeadershipObjectPage"/>
  <testcase name="validtoolsselection" time="2.139" classname="com.Salesboost_Adminpanel.testscript.LeadershipObjectPage"/>
  <testcase name="validToolDelete" time="4.159" classname="com.Salesboost_Adminpanel.testscript.LeadershipObjectPage"/>
  <testcase name="validEditTools" time="9.044" classname="com.Salesboost_Adminpanel.testscript.LeadershipObjectPage"/>
  <testcase name="validAddDuplicateTools" time="3.23" classname="com.Salesboost_Adminpanel.testscript.LeadershipObjectPage"/>
  <testcase name="validCancelAddDuplicateTools" time="3.155" classname="com.Salesboost_Adminpanel.testscript.LeadershipObjectPage"/>
  <testcase name="validAddTools" time="3.931" classname="com.Salesboost_Adminpanel.testscript.PrivateLeadershipObjectPage"/>
  <testcase name="validtoolsselection" time="1.701" classname="com.Salesboost_Adminpanel.testscript.PrivateLeadershipObjectPage"/>
  <testcase name="validToolDelete" time="5.151" classname="com.Salesboost_Adminpanel.testscript.PrivateLeadershipObjectPage"/>
  <testcase name="validEditTools" time="10.496" classname="com.Salesboost_Adminpanel.testscript.PrivateLeadershipObjectPage"/>
  <testcase name="addCourseTestIncompleteDetails" time="4.286" classname="com.Salesboost_Adminpanel.testscript.AddCourseTest"/>
  <testcase name="addCourseTest" time="5.442" classname="com.Salesboost_Adminpanel.testscript.AddCourseTest"/>
  <testcase name="addLATTest" time="7.395" classname="com.Salesboost_Adminpanel.testscript.LATTest"/>
  <testcase name="addLATIncorrectDetails" time="5.056" classname="com.Salesboost_Adminpanel.testscript.LATTest"/>
  <testcase name="deleteLAT" time="8.673" classname="com.Salesboost_Adminpanel.testscript.LATTest"/>
  <testcase name="addPVOScoreBasedTest" time="25.881" classname="com.Salesboost_Adminpanel.testscript.PVOTest"/>
  <testcase name="addATADataTest" time="7.43" classname="com.Salesboost_Adminpanel.testscript.ATATest"/>
  <testcase name="addSnippetPageTest" time="5.807" classname="com.Salesboost_Adminpanel.testscript.ATATest"/>
  <testcase name="FAQUpdateTest" time="3.074" classname="com.Salesboost_Adminpanel.testscript.FAQTest"/>
  <testcase name="FAQDeleteTest" time="6.405" classname="com.Salesboost_Adminpanel.testscript.FAQTest"/>
  <testcase name="AssociatedPageAddFileDataTest" time="5.161" classname="com.Salesboost_Adminpanel.testscript.AssociatedFilesTest"/>
  <testcase name="AssociatedPageAddIncompleteFileDataTest" time="5.788" classname="com.Salesboost_Adminpanel.testscript.AssociatedFilesTest"/>
  <testcase name="AssociatedPageEditFileDataTest" time="1.031" classname="com.Salesboost_Adminpanel.testscript.AssociatedFilesTest"/>
  <testcase name="addAwardDataTest" time="24.055" classname="com.Salesboost_Adminpanel.testscript.AwardsTest"/>
  <testcase name="@AfterSuite endSuite" time="0.0" classname="com.Salesboost_Adminpanel.baseclass.BaseClass">
    <ignored/>
  </testcase> <!-- @AfterSuite endSuite -->
  <testcase name="@AfterSuite endSuite" time="0.0" classname="com.Salesboost_Adminpanel.baseclass.BaseClass">
    <ignored/>
  </testcase> <!-- @AfterSuite endSuite -->
  <testcase name="@AfterSuite endSuite" time="0.0" classname="com.Salesboost_Adminpanel.baseclass.BaseClass">
    <ignored/>
  </testcase> <!-- @AfterSuite endSuite -->
  <testcase name="@AfterSuite endSuite" time="0.0" classname="com.Salesboost_Adminpanel.baseclass.BaseClass">
    <ignored/>
  </testcase> <!-- @AfterSuite endSuite -->
  <testcase name="@AfterSuite endSuite" time="0.0" classname="com.Salesboost_Adminpanel.baseclass.BaseClass">
    <ignored/>
  </testcase> <!-- @AfterSuite endSuite -->
  <testcase name="@AfterSuite endSuite" time="0.0" classname="com.Salesboost_Adminpanel.baseclass.BaseClass">
    <ignored/>
  </testcase> <!-- @AfterSuite endSuite -->
  <testcase name="@AfterSuite endSuite" time="0.0" classname="com.Salesboost_Adminpanel.baseclass.BaseClass">
    <ignored/>
  </testcase> <!-- @AfterSuite endSuite -->
  <testcase name="@AfterSuite endSuite" time="0.0" classname="com.Salesboost_Adminpanel.baseclass.BaseClass">
    <ignored/>
  </testcase> <!-- @AfterSuite endSuite -->
  <testcase name="@AfterSuite endSuite" time="0.0" classname="com.Salesboost_Adminpanel.baseclass.BaseClass">
    <ignored/>
  </testcase> <!-- @AfterSuite endSuite -->
  <testcase name="@AfterSuite endSuite" time="0.0" classname="com.Salesboost_Adminpanel.baseclass.BaseClass">
    <ignored/>
  </testcase> <!-- @AfterSuite endSuite -->
  <testcase name="@AfterSuite endSuite" time="0.0" classname="com.Salesboost_Adminpanel.baseclass.BaseClass">
    <ignored/>
  </testcase> <!-- @AfterSuite endSuite -->
  <testcase name="@AfterSuite endSuite" time="0.0" classname="com.Salesboost_Adminpanel.baseclass.BaseClass">
    <ignored/>
  </testcase> <!-- @AfterSuite endSuite -->
  <testcase name="@AfterSuite endSuite" time="0.0" classname="com.Salesboost_Adminpanel.baseclass.BaseClass">
    <ignored/>
  </testcase> <!-- @AfterSuite endSuite -->
  <testcase name="@AfterSuite endSuite" time="0.0" classname="com.Salesboost_Adminpanel.baseclass.BaseClass">
    <ignored/>
  </testcase> <!-- @AfterSuite endSuite -->
  <testcase name="@AfterSuite endSuite" time="0.0" classname="com.Salesboost_Adminpanel.baseclass.BaseClass">
    <ignored/>
  </testcase> <!-- @AfterSuite endSuite -->
  <testcase name="@AfterSuite endSuite" time="0.0" classname="com.Salesboost_Adminpanel.baseclass.BaseClass">
    <ignored/>
  </testcase> <!-- @AfterSuite endSuite -->
  <testcase name="@AfterSuite endSuite" time="0.0" classname="com.Salesboost_Adminpanel.baseclass.BaseClass">
    <ignored/>
  </testcase> <!-- @AfterSuite endSuite -->
  <testcase name="@AfterSuite endSuite" time="0.0" classname="com.Salesboost_Adminpanel.baseclass.BaseClass">
    <ignored/>
  </testcase> <!-- @AfterSuite endSuite -->
  <testcase name="@BeforeSuite precondition" time="0.0" classname="com.Salesboost_Adminpanel.baseclass.BaseClass">
    <ignored/>
  </testcase> <!-- @BeforeSuite precondition -->
  <testcase name="@BeforeSuite precondition" time="0.0" classname="com.Salesboost_Adminpanel.baseclass.BaseClass">
    <ignored/>
  </testcase> <!-- @BeforeSuite precondition -->
  <testcase name="@BeforeSuite precondition" time="0.0" classname="com.Salesboost_Adminpanel.baseclass.BaseClass">
    <ignored/>
  </testcase> <!-- @BeforeSuite precondition -->
  <testcase name="@BeforeSuite precondition" time="0.0" classname="com.Salesboost_Adminpanel.baseclass.BaseClass">
    <ignored/>
  </testcase> <!-- @BeforeSuite precondition -->
  <testcase name="@BeforeSuite precondition" time="0.0" classname="com.Salesboost_Adminpanel.baseclass.BaseClass">
    <ignored/>
  </testcase> <!-- @BeforeSuite precondition -->
  <testcase name="@BeforeSuite precondition" time="0.0" classname="com.Salesboost_Adminpanel.baseclass.BaseClass">
    <ignored/>
  </testcase> <!-- @BeforeSuite precondition -->
  <testcase name="@BeforeSuite precondition" time="0.0" classname="com.Salesboost_Adminpanel.baseclass.BaseClass">
    <ignored/>
  </testcase> <!-- @BeforeSuite precondition -->
  <testcase name="@BeforeSuite precondition" time="0.0" classname="com.Salesboost_Adminpanel.baseclass.BaseClass">
    <ignored/>
  </testcase> <!-- @BeforeSuite precondition -->
  <testcase name="@BeforeSuite precondition" time="0.0" classname="com.Salesboost_Adminpanel.baseclass.BaseClass">
    <ignored/>
  </testcase> <!-- @BeforeSuite precondition -->
  <testcase name="@BeforeSuite precondition" time="0.0" classname="com.Salesboost_Adminpanel.baseclass.BaseClass">
    <ignored/>
  </testcase> <!-- @BeforeSuite precondition -->
  <testcase name="@BeforeSuite precondition" time="0.0" classname="com.Salesboost_Adminpanel.baseclass.BaseClass">
    <ignored/>
  </testcase> <!-- @BeforeSuite precondition -->
  <testcase name="@BeforeSuite precondition" time="0.0" classname="com.Salesboost_Adminpanel.baseclass.BaseClass">
    <ignored/>
  </testcase> <!-- @BeforeSuite precondition -->
  <testcase name="@BeforeSuite precondition" time="0.0" classname="com.Salesboost_Adminpanel.baseclass.BaseClass">
    <ignored/>
  </testcase> <!-- @BeforeSuite precondition -->
  <testcase name="@BeforeSuite precondition" time="0.0" classname="com.Salesboost_Adminpanel.baseclass.BaseClass">
    <ignored/>
  </testcase> <!-- @BeforeSuite precondition -->
  <testcase name="@BeforeSuite precondition" time="0.0" classname="com.Salesboost_Adminpanel.baseclass.BaseClass">
    <ignored/>
  </testcase> <!-- @BeforeSuite precondition -->
  <testcase name="@BeforeSuite precondition" time="0.0" classname="com.Salesboost_Adminpanel.baseclass.BaseClass">
    <ignored/>
  </testcase> <!-- @BeforeSuite precondition -->
  <testcase name="@BeforeSuite precondition" time="0.0" classname="com.Salesboost_Adminpanel.baseclass.BaseClass">
    <ignored/>
  </testcase> <!-- @BeforeSuite precondition -->
  <testcase name="@BeforeSuite precondition" time="0.0" classname="com.Salesboost_Adminpanel.baseclass.BaseClass">
    <ignored/>
  </testcase> <!-- @BeforeSuite precondition -->
</testsuite> <!-- Test -->
