<?xml version="1.0" encoding="UTF-8"?>
<!-- Generated by org.testng.reporters.JUnitXMLReporter -->
<testsuite hostname="DESKTOP-7MAOGO2" ignored="4" name="Default test" tests="1" failures="0" timestamp="2021-02-17T12:39:48 IST" time="86.954" errors="0">
  <testcase name="validInActivePostEditAnnouncement" time="78.311" classname="com.Salesboost_Adminpanel.testscript.SystemAnnouncementsPage"/>
  <testcase name="validActivePostAddSystemAnnouncements" time="0.0" classname="com.Salesboost_Adminpanel.testscript.SystemAnnouncementsPage">
    <ignored/>
  </testcase> <!-- validActivePostAddSystemAnnouncements -->
  <testcase name="validInActivePostAddSystemAnnouncements" time="0.0" classname="com.Salesboost_Adminpanel.testscript.SystemAnnouncementsPage">
    <ignored/>
  </testcase> <!-- validInActivePostAddSystemAnnouncements -->
  <testcase name="validDeleteAnnouncement" time="0.0" classname="com.Salesboost_Adminpanel.testscript.SystemAnnouncementsPage">
    <ignored/>
  </testcase> <!-- validDeleteAnnouncement -->
  <testcase name="validSystemAnnouncementSelection" time="0.0" classname="com.Salesboost_Adminpanel.testscript.SystemAnnouncementsPage">
    <ignored/>
  </testcase> <!-- validSystemAnnouncementSelection -->
</testsuite> <!-- Default test -->
