<?xml version="1.0" encoding="UTF-8"?>
<!-- Generated by org.testng.reporters.JUnitXMLReporter -->
<testsuite hostname="DESKTOP-7MAOGO2" ignored="2" name="Default test" tests="1" failures="0" timestamp="2021-02-15T16:38:17 IST" time="19.535" errors="0">
  <testcase name="validUserUpdate" time="11.328" classname="com.Salesboost_Adminpanel.testscript.administratorsPage"/>
  <testcase name="validadduser" time="0.0" classname="com.Salesboost_Adminpanel.testscript.administratorsPage">
    <ignored/>
  </testcase> <!-- validadduser -->
  <testcase name="validsearch" time="0.0" classname="com.Salesboost_Adminpanel.testscript.administratorsPage">
    <ignored/>
  </testcase> <!-- validsearch -->
</testsuite> <!-- Default test -->
